<?xml version="1.0" encoding="UTF-8"?>
<!-- Generated by org.testng.reporters.JUnitXMLReporter -->
<testsuite ignored="0" hostname="LPT-0995" failures="0" tests="3" name="Default test" time="2.605" errors="0" timestamp="2022-12-15T15:09:56 IST">
  <testcase classname="section_four.DynamicJson" name="AddBook" time="2.252"/>
  <testcase classname="section_four.DynamicJson" name="AddBook" time="0.145"/>
  <testcase classname="section_four.DynamicJson" name="AddBook" time="0.151"/>
</testsuite> <!-- Default test -->
